30-May-2019 23:28:49.855 INFO [main] org.apache.catalina.startup.VersionLoggerListener.log Server version:        Apache Tomcat/8.5.39
30-May-2019 23:28:49.856 INFO [main] org.apache.catalina.startup.VersionLoggerListener.log Server built:          Mar 14 2019 11:24:26 UTC
30-May-2019 23:28:49.857 INFO [main] org.apache.catalina.startup.VersionLoggerListener.log Server number:         8.5.39.0
30-May-2019 23:28:49.857 INFO [main] org.apache.catalina.startup.VersionLoggerListener.log OS Name:               Linux
30-May-2019 23:28:49.857 INFO [main] org.apache.catalina.startup.VersionLoggerListener.log OS Version:            4.15.0-20-generic
30-May-2019 23:28:49.857 INFO [main] org.apache.catalina.startup.VersionLoggerListener.log Architecture:          amd64
30-May-2019 23:28:49.857 INFO [main] org.apache.catalina.startup.VersionLoggerListener.log Java Home:             /usr/lib/jvm/java-8-oracle/jre
30-May-2019 23:28:49.857 INFO [main] org.apache.catalina.startup.VersionLoggerListener.log JVM Version:           1.8.0_201-b09
30-May-2019 23:28:49.857 INFO [main] org.apache.catalina.startup.VersionLoggerListener.log JVM Vendor:            Oracle Corporation
30-May-2019 23:28:49.857 INFO [main] org.apache.catalina.startup.VersionLoggerListener.log CATALINA_BASE:         /media/kils/Kils_Section/kils/code_world/E-Comm/Lapkart/Server/apache-tomcat-8.5.39
30-May-2019 23:28:49.857 INFO [main] org.apache.catalina.startup.VersionLoggerListener.log CATALINA_HOME:         /media/kils/Kils_Section/kils/code_world/E-Comm/Lapkart/Server/apache-tomcat-8.5.39
30-May-2019 23:28:49.857 INFO [main] org.apache.catalina.startup.VersionLoggerListener.log Command line argument: -Djava.util.logging.config.file=/media/kils/Kils_Section/kils/code_world/E-Comm/Lapkart/Server/apache-tomcat-8.5.39/conf/logging.properties
30-May-2019 23:28:49.857 INFO [main] org.apache.catalina.startup.VersionLoggerListener.log Command line argument: -Djava.util.logging.manager=org.apache.juli.ClassLoaderLogManager
30-May-2019 23:28:49.857 INFO [main] org.apache.catalina.startup.VersionLoggerListener.log Command line argument: -Dhttp.proxyPort=8080
30-May-2019 23:28:49.858 INFO [main] org.apache.catalina.startup.VersionLoggerListener.log Command line argument: -Dhttp.nonProxyHosts=localhost|127.0.0.0/8|::1
30-May-2019 23:28:49.858 INFO [main] org.apache.catalina.startup.VersionLoggerListener.log Command line argument: -Dhttps.proxyPort=0
30-May-2019 23:28:49.858 INFO [main] org.apache.catalina.startup.VersionLoggerListener.log Command line argument: -Djdk.tls.ephemeralDHKeySize=2048
30-May-2019 23:28:49.858 INFO [main] org.apache.catalina.startup.VersionLoggerListener.log Command line argument: -Djava.protocol.handler.pkgs=org.apache.catalina.webresources
30-May-2019 23:28:49.858 INFO [main] org.apache.catalina.startup.VersionLoggerListener.log Command line argument: -Dorg.apache.catalina.security.SecurityListener.UMASK=0027
30-May-2019 23:28:49.858 INFO [main] org.apache.catalina.startup.VersionLoggerListener.log Command line argument: -Dignore.endorsed.dirs=
30-May-2019 23:28:49.858 INFO [main] org.apache.catalina.startup.VersionLoggerListener.log Command line argument: -Dcatalina.base=/media/kils/Kils_Section/kils/code_world/E-Comm/Lapkart/Server/apache-tomcat-8.5.39
30-May-2019 23:28:49.858 INFO [main] org.apache.catalina.startup.VersionLoggerListener.log Command line argument: -Dcatalina.home=/media/kils/Kils_Section/kils/code_world/E-Comm/Lapkart/Server/apache-tomcat-8.5.39
30-May-2019 23:28:49.858 INFO [main] org.apache.catalina.startup.VersionLoggerListener.log Command line argument: -Djava.io.tmpdir=/media/kils/Kils_Section/kils/code_world/E-Comm/Lapkart/Server/apache-tomcat-8.5.39/temp
30-May-2019 23:28:49.858 INFO [main] org.apache.catalina.core.AprLifecycleListener.lifecycleEvent Loaded APR based Apache Tomcat Native library [1.2.21] using APR version [1.7.0].
30-May-2019 23:28:49.858 INFO [main] org.apache.catalina.core.AprLifecycleListener.lifecycleEvent APR capabilities: IPv6 [true], sendfile [true], accept filters [false], random [true].
30-May-2019 23:28:49.858 INFO [main] org.apache.catalina.core.AprLifecycleListener.lifecycleEvent APR/OpenSSL configuration: useAprConnector [false], useOpenSSL [true]
30-May-2019 23:28:49.861 INFO [main] org.apache.catalina.core.AprLifecycleListener.initializeSSL OpenSSL successfully initialized [OpenSSL 1.1.0g  2 Nov 2017]
30-May-2019 23:28:49.977 INFO [main] org.apache.coyote.AbstractProtocol.init Initializing ProtocolHandler ["http-nio-8080"]
30-May-2019 23:28:49.983 INFO [main] org.apache.tomcat.util.net.NioSelectorPool.getSharedSelector Using a shared selector for servlet write/read
30-May-2019 23:28:49.991 INFO [main] org.apache.coyote.AbstractProtocol.init Initializing ProtocolHandler ["https-openssl-apr-8443"]
30-May-2019 23:28:50.034 INFO [main] org.apache.tomcat.util.net.openssl.OpenSSLUtil.getKeyManagers The certificate [/media/kils/Kils_Section/kils/code_world/E-Comm/Lapkart/web/certificates/lapkart_certificate/lapkart.crt] or its private key [/media/kils/Kils_Section/kils/code_world/E-Comm/Lapkart/web/certificates/lapkart_certificate/lapkart.key] could not be processed using a JSSE key manager and will be given directly to OpenSSL
30-May-2019 23:28:50.040 INFO [main] org.apache.coyote.AbstractProtocol.init Initializing ProtocolHandler ["ajp-nio-8009"]
30-May-2019 23:28:50.041 INFO [main] org.apache.tomcat.util.net.NioSelectorPool.getSharedSelector Using a shared selector for servlet write/read
30-May-2019 23:28:50.041 INFO [main] org.apache.catalina.startup.Catalina.load Initialization processed in 602 ms
30-May-2019 23:28:50.061 INFO [main] org.apache.catalina.core.StandardService.startInternal Starting service [Catalina]
30-May-2019 23:28:50.061 INFO [main] org.apache.catalina.core.StandardEngine.startInternal Starting Servlet Engine: Apache Tomcat/8.5.39
30-May-2019 23:28:50.080 INFO [localhost-startStop-1] org.apache.catalina.startup.HostConfig.deployDescriptor Deploying configuration descriptor [/media/kils/Kils_Section/kils/code_world/E-Comm/Lapkart/Server/apache-tomcat-8.5.39/conf/Catalina/localhost/ETLAB.xml]
30-May-2019 23:28:50.334 INFO [localhost-startStop-1] org.apache.catalina.startup.HostConfig.deployDescriptor Deployment of configuration descriptor [/media/kils/Kils_Section/kils/code_world/E-Comm/Lapkart/Server/apache-tomcat-8.5.39/conf/Catalina/localhost/ETLAB.xml] has finished in [253] ms
30-May-2019 23:28:50.334 INFO [localhost-startStop-1] org.apache.catalina.startup.HostConfig.deployDescriptor Deploying configuration descriptor [/media/kils/Kils_Section/kils/code_world/E-Comm/Lapkart/Server/apache-tomcat-8.5.39/conf/Catalina/localhost/Lapkart.xml]
30-May-2019 23:28:50.741 INFO [localhost-startStop-1] org.apache.jasper.servlet.TldScanner.scanJars At least one JAR was scanned for TLDs yet contained no TLDs. Enable debug logging for this logger for a complete list of JARs that were scanned but no TLDs were found in them. Skipping unneeded JARs during scanning can improve startup time and JSP compilation time.
30-May-2019 23:28:50.744 INFO [localhost-startStop-1] org.apache.catalina.startup.HostConfig.deployDescriptor Deployment of configuration descriptor [/media/kils/Kils_Section/kils/code_world/E-Comm/Lapkart/Server/apache-tomcat-8.5.39/conf/Catalina/localhost/Lapkart.xml] has finished in [410] ms
30-May-2019 23:28:50.745 INFO [localhost-startStop-1] org.apache.catalina.startup.HostConfig.deployDirectory Deploying web application directory [/media/kils/Kils_Section/kils/code_world/E-Comm/Lapkart/Server/apache-tomcat-8.5.39/webapps/docs]
30-May-2019 23:28:50.789 INFO [localhost-startStop-1] org.apache.catalina.startup.HostConfig.deployDirectory Deployment of web application directory [/media/kils/Kils_Section/kils/code_world/E-Comm/Lapkart/Server/apache-tomcat-8.5.39/webapps/docs] has finished in [44] ms
30-May-2019 23:28:50.789 INFO [localhost-startStop-1] org.apache.catalina.startup.HostConfig.deployDirectory Deploying web application directory [/media/kils/Kils_Section/kils/code_world/E-Comm/Lapkart/Server/apache-tomcat-8.5.39/webapps/examples]
30-May-2019 23:28:51.401 INFO [localhost-startStop-1] org.apache.catalina.startup.HostConfig.deployDirectory Deployment of web application directory [/media/kils/Kils_Section/kils/code_world/E-Comm/Lapkart/Server/apache-tomcat-8.5.39/webapps/examples] has finished in [612] ms
30-May-2019 23:28:51.401 INFO [localhost-startStop-1] org.apache.catalina.startup.HostConfig.deployDirectory Deploying web application directory [/media/kils/Kils_Section/kils/code_world/E-Comm/Lapkart/Server/apache-tomcat-8.5.39/webapps/host-manager]
30-May-2019 23:28:51.439 INFO [localhost-startStop-1] org.apache.catalina.startup.HostConfig.deployDirectory Deployment of web application directory [/media/kils/Kils_Section/kils/code_world/E-Comm/Lapkart/Server/apache-tomcat-8.5.39/webapps/host-manager] has finished in [38] ms
30-May-2019 23:28:51.439 INFO [localhost-startStop-1] org.apache.catalina.startup.HostConfig.deployDirectory Deploying web application directory [/media/kils/Kils_Section/kils/code_world/E-Comm/Lapkart/Server/apache-tomcat-8.5.39/webapps/manager]
30-May-2019 23:28:51.473 INFO [localhost-startStop-1] org.apache.catalina.startup.HostConfig.deployDirectory Deployment of web application directory [/media/kils/Kils_Section/kils/code_world/E-Comm/Lapkart/Server/apache-tomcat-8.5.39/webapps/manager] has finished in [34] ms
30-May-2019 23:28:51.473 INFO [localhost-startStop-1] org.apache.catalina.startup.HostConfig.deployDirectory Deploying web application directory [/media/kils/Kils_Section/kils/code_world/E-Comm/Lapkart/Server/apache-tomcat-8.5.39/webapps/ROOT]
30-May-2019 23:28:51.524 INFO [localhost-startStop-1] org.apache.catalina.startup.HostConfig.deployDirectory Deployment of web application directory [/media/kils/Kils_Section/kils/code_world/E-Comm/Lapkart/Server/apache-tomcat-8.5.39/webapps/ROOT] has finished in [51] ms
30-May-2019 23:28:51.526 INFO [main] org.apache.coyote.AbstractProtocol.start Starting ProtocolHandler ["http-nio-8080"]
30-May-2019 23:28:51.540 INFO [main] org.apache.coyote.AbstractProtocol.start Starting ProtocolHandler ["https-openssl-apr-8443"]
30-May-2019 23:28:51.551 INFO [main] org.apache.coyote.AbstractProtocol.start Starting ProtocolHandler ["ajp-nio-8009"]
30-May-2019 23:28:51.554 INFO [main] org.apache.catalina.startup.Catalina.start Server startup in 1512 ms
30-May-2019 23:28:54.704 INFO [http-nio-8080-exec-8] org.apache.catalina.core.StandardContext.reload Reloading Context with name [/Lapkart] has started
30-May-2019 23:28:55.037 INFO [http-nio-8080-exec-8] org.apache.jasper.servlet.TldScanner.scanJars At least one JAR was scanned for TLDs yet contained no TLDs. Enable debug logging for this logger for a complete list of JARs that were scanned but no TLDs were found in them. Skipping unneeded JARs during scanning can improve startup time and JSP compilation time.
30-May-2019 23:28:55.039 INFO [http-nio-8080-exec-8] org.apache.catalina.core.StandardContext.reload Reloading Context with name [/Lapkart] is completed
