18-Apr-2019 00:39:09.527 INFO [main] org.apache.catalina.startup.VersionLoggerListener.log Server version:        Apache Tomcat/8.5.39
18-Apr-2019 00:39:09.528 INFO [main] org.apache.catalina.startup.VersionLoggerListener.log Server built:          Mar 14 2019 11:24:26 UTC
18-Apr-2019 00:39:09.528 INFO [main] org.apache.catalina.startup.VersionLoggerListener.log Server number:         8.5.39.0
18-Apr-2019 00:39:09.528 INFO [main] org.apache.catalina.startup.VersionLoggerListener.log OS Name:               Linux
18-Apr-2019 00:39:09.528 INFO [main] org.apache.catalina.startup.VersionLoggerListener.log OS Version:            4.15.0-20-generic
18-Apr-2019 00:39:09.528 INFO [main] org.apache.catalina.startup.VersionLoggerListener.log Architecture:          amd64
18-Apr-2019 00:39:09.528 INFO [main] org.apache.catalina.startup.VersionLoggerListener.log Java Home:             /usr/lib/jvm/java-8-oracle/jre
18-Apr-2019 00:39:09.528 INFO [main] org.apache.catalina.startup.VersionLoggerListener.log JVM Version:           1.8.0_201-b09
18-Apr-2019 00:39:09.528 INFO [main] org.apache.catalina.startup.VersionLoggerListener.log JVM Vendor:            Oracle Corporation
18-Apr-2019 00:39:09.528 INFO [main] org.apache.catalina.startup.VersionLoggerListener.log CATALINA_BASE:         /media/kils/Kils_Section/kils/code_world/E-Comm/Lapkart/Server/apache-tomcat-8.5.39
18-Apr-2019 00:39:09.528 INFO [main] org.apache.catalina.startup.VersionLoggerListener.log CATALINA_HOME:         /media/kils/Kils_Section/kils/code_world/E-Comm/Lapkart/Server/apache-tomcat-8.5.39
18-Apr-2019 00:39:09.529 INFO [main] org.apache.catalina.startup.VersionLoggerListener.log Command line argument: -Djava.util.logging.config.file=/media/kils/Kils_Section/kils/code_world/E-Comm/Lapkart/Server/apache-tomcat-8.5.39/conf/logging.properties
18-Apr-2019 00:39:09.529 INFO [main] org.apache.catalina.startup.VersionLoggerListener.log Command line argument: -Djava.util.logging.manager=org.apache.juli.ClassLoaderLogManager
18-Apr-2019 00:39:09.529 INFO [main] org.apache.catalina.startup.VersionLoggerListener.log Command line argument: -Dhttp.proxyPort=8080
18-Apr-2019 00:39:09.529 INFO [main] org.apache.catalina.startup.VersionLoggerListener.log Command line argument: -Dhttp.nonProxyHosts=localhost|127.0.0.0/8|::1
18-Apr-2019 00:39:09.529 INFO [main] org.apache.catalina.startup.VersionLoggerListener.log Command line argument: -Dhttps.proxyPort=0
18-Apr-2019 00:39:09.529 INFO [main] org.apache.catalina.startup.VersionLoggerListener.log Command line argument: -Djdk.tls.ephemeralDHKeySize=2048
18-Apr-2019 00:39:09.529 INFO [main] org.apache.catalina.startup.VersionLoggerListener.log Command line argument: -Djava.protocol.handler.pkgs=org.apache.catalina.webresources
18-Apr-2019 00:39:09.529 INFO [main] org.apache.catalina.startup.VersionLoggerListener.log Command line argument: -Dorg.apache.catalina.security.SecurityListener.UMASK=0027
18-Apr-2019 00:39:09.529 INFO [main] org.apache.catalina.startup.VersionLoggerListener.log Command line argument: -Dignore.endorsed.dirs=
18-Apr-2019 00:39:09.529 INFO [main] org.apache.catalina.startup.VersionLoggerListener.log Command line argument: -Dcatalina.base=/media/kils/Kils_Section/kils/code_world/E-Comm/Lapkart/Server/apache-tomcat-8.5.39
18-Apr-2019 00:39:09.529 INFO [main] org.apache.catalina.startup.VersionLoggerListener.log Command line argument: -Dcatalina.home=/media/kils/Kils_Section/kils/code_world/E-Comm/Lapkart/Server/apache-tomcat-8.5.39
18-Apr-2019 00:39:09.529 INFO [main] org.apache.catalina.startup.VersionLoggerListener.log Command line argument: -Djava.io.tmpdir=/media/kils/Kils_Section/kils/code_world/E-Comm/Lapkart/Server/apache-tomcat-8.5.39/temp
18-Apr-2019 00:39:09.529 INFO [main] org.apache.catalina.core.AprLifecycleListener.lifecycleEvent Loaded APR based Apache Tomcat Native library [1.2.21] using APR version [1.7.0].
18-Apr-2019 00:39:09.530 INFO [main] org.apache.catalina.core.AprLifecycleListener.lifecycleEvent APR capabilities: IPv6 [true], sendfile [true], accept filters [false], random [true].
18-Apr-2019 00:39:09.530 INFO [main] org.apache.catalina.core.AprLifecycleListener.lifecycleEvent APR/OpenSSL configuration: useAprConnector [false], useOpenSSL [true]
18-Apr-2019 00:39:09.532 INFO [main] org.apache.catalina.core.AprLifecycleListener.initializeSSL OpenSSL successfully initialized [OpenSSL 1.1.0g  2 Nov 2017]
18-Apr-2019 00:39:09.832 INFO [main] org.apache.coyote.AbstractProtocol.init Initializing ProtocolHandler ["http-nio-8080"]
18-Apr-2019 00:39:09.873 INFO [main] org.apache.tomcat.util.net.NioSelectorPool.getSharedSelector Using a shared selector for servlet write/read
18-Apr-2019 00:39:09.915 INFO [main] org.apache.coyote.AbstractProtocol.init Initializing ProtocolHandler ["https-openssl-apr-8443"]
18-Apr-2019 00:39:10.011 INFO [main] org.apache.tomcat.util.net.openssl.OpenSSLUtil.getKeyManagers The certificate [/media/kils/Kils_Section/kils/code_world/E-Comm/Lapkart/web/certificates/lapkart_certificate/lapkart.crt] or its private key [/media/kils/Kils_Section/kils/code_world/E-Comm/Lapkart/web/certificates/lapkart_certificate/lapkart.key] could not be processed using a JSSE key manager and will be given directly to OpenSSL
18-Apr-2019 00:39:10.017 INFO [main] org.apache.coyote.AbstractProtocol.init Initializing ProtocolHandler ["ajp-nio-8009"]
18-Apr-2019 00:39:10.018 INFO [main] org.apache.tomcat.util.net.NioSelectorPool.getSharedSelector Using a shared selector for servlet write/read
18-Apr-2019 00:39:10.018 INFO [main] org.apache.catalina.startup.Catalina.load Initialization processed in 1259 ms
18-Apr-2019 00:39:10.098 INFO [main] org.apache.catalina.core.StandardService.startInternal Starting service [Catalina]
18-Apr-2019 00:39:10.098 INFO [main] org.apache.catalina.core.StandardEngine.startInternal Starting Servlet Engine: Apache Tomcat/8.5.39
18-Apr-2019 00:39:10.139 INFO [localhost-startStop-1] org.apache.catalina.startup.HostConfig.deployDescriptor Deploying configuration descriptor [/media/kils/Kils_Section/kils/code_world/E-Comm/Lapkart/Server/apache-tomcat-8.5.39/conf/Catalina/localhost/Lapkart.xml]
18-Apr-2019 00:39:11.140 INFO [localhost-startStop-1] org.apache.jasper.servlet.TldScanner.scanJars At least one JAR was scanned for TLDs yet contained no TLDs. Enable debug logging for this logger for a complete list of JARs that were scanned but no TLDs were found in them. Skipping unneeded JARs during scanning can improve startup time and JSP compilation time.
18-Apr-2019 00:39:11.227 INFO [localhost-startStop-1] org.apache.catalina.startup.HostConfig.deployDescriptor Deployment of configuration descriptor [/media/kils/Kils_Section/kils/code_world/E-Comm/Lapkart/Server/apache-tomcat-8.5.39/conf/Catalina/localhost/Lapkart.xml] has finished in [1,088] ms
18-Apr-2019 00:39:11.228 INFO [localhost-startStop-1] org.apache.catalina.startup.HostConfig.deployDirectory Deploying web application directory [/media/kils/Kils_Section/kils/code_world/E-Comm/Lapkart/Server/apache-tomcat-8.5.39/webapps/docs]
18-Apr-2019 00:39:11.286 INFO [localhost-startStop-1] org.apache.catalina.startup.HostConfig.deployDirectory Deployment of web application directory [/media/kils/Kils_Section/kils/code_world/E-Comm/Lapkart/Server/apache-tomcat-8.5.39/webapps/docs] has finished in [58] ms
18-Apr-2019 00:39:11.286 INFO [localhost-startStop-1] org.apache.catalina.startup.HostConfig.deployDirectory Deploying web application directory [/media/kils/Kils_Section/kils/code_world/E-Comm/Lapkart/Server/apache-tomcat-8.5.39/webapps/examples]
18-Apr-2019 00:39:13.221 INFO [localhost-startStop-1] org.apache.catalina.startup.HostConfig.deployDirectory Deployment of web application directory [/media/kils/Kils_Section/kils/code_world/E-Comm/Lapkart/Server/apache-tomcat-8.5.39/webapps/examples] has finished in [1,935] ms
18-Apr-2019 00:39:13.221 INFO [localhost-startStop-1] org.apache.catalina.startup.HostConfig.deployDirectory Deploying web application directory [/media/kils/Kils_Section/kils/code_world/E-Comm/Lapkart/Server/apache-tomcat-8.5.39/webapps/host-manager]
18-Apr-2019 00:39:13.282 INFO [localhost-startStop-1] org.apache.catalina.startup.HostConfig.deployDirectory Deployment of web application directory [/media/kils/Kils_Section/kils/code_world/E-Comm/Lapkart/Server/apache-tomcat-8.5.39/webapps/host-manager] has finished in [61] ms
18-Apr-2019 00:39:13.283 INFO [localhost-startStop-1] org.apache.catalina.startup.HostConfig.deployDirectory Deploying web application directory [/media/kils/Kils_Section/kils/code_world/E-Comm/Lapkart/Server/apache-tomcat-8.5.39/webapps/manager]
18-Apr-2019 00:39:13.354 INFO [localhost-startStop-1] org.apache.catalina.startup.HostConfig.deployDirectory Deployment of web application directory [/media/kils/Kils_Section/kils/code_world/E-Comm/Lapkart/Server/apache-tomcat-8.5.39/webapps/manager] has finished in [71] ms
18-Apr-2019 00:39:13.355 INFO [localhost-startStop-1] org.apache.catalina.startup.HostConfig.deployDirectory Deploying web application directory [/media/kils/Kils_Section/kils/code_world/E-Comm/Lapkart/Server/apache-tomcat-8.5.39/webapps/ROOT]
18-Apr-2019 00:39:13.399 INFO [localhost-startStop-1] org.apache.catalina.startup.HostConfig.deployDirectory Deployment of web application directory [/media/kils/Kils_Section/kils/code_world/E-Comm/Lapkart/Server/apache-tomcat-8.5.39/webapps/ROOT] has finished in [44] ms
18-Apr-2019 00:39:13.403 INFO [main] org.apache.coyote.AbstractProtocol.start Starting ProtocolHandler ["http-nio-8080"]
18-Apr-2019 00:39:13.425 INFO [main] org.apache.coyote.AbstractProtocol.start Starting ProtocolHandler ["https-openssl-apr-8443"]
18-Apr-2019 00:39:13.433 INFO [main] org.apache.coyote.AbstractProtocol.start Starting ProtocolHandler ["ajp-nio-8009"]
18-Apr-2019 00:39:13.445 INFO [main] org.apache.catalina.startup.Catalina.start Server startup in 3426 ms
18-Apr-2019 00:39:17.285 INFO [http-nio-8080-exec-9] org.apache.catalina.startup.HostConfig.deployDescriptor Deploying configuration descriptor [/media/kils/Kils_Section/kils/code_world/E-Comm/Lapkart/Server/apache-tomcat-8.5.39/conf/Catalina/localhost/ETLAB.xml]
18-Apr-2019 00:39:17.326 INFO [http-nio-8080-exec-9] org.apache.catalina.startup.HostConfig.deployDescriptor Deployment of configuration descriptor [/media/kils/Kils_Section/kils/code_world/E-Comm/Lapkart/Server/apache-tomcat-8.5.39/conf/Catalina/localhost/ETLAB.xml] has finished in [41] ms
18-Apr-2019 00:39:17.330 INFO [http-nio-8080-exec-10] org.apache.catalina.util.LifecycleBase.start The start() method was called on component [StandardEngine[Catalina].StandardHost[localhost].StandardContext[/ETLAB]] after start() had already been called. The second call will be ignored.
18-Apr-2019 00:40:46.369 INFO [main] org.apache.catalina.core.StandardServer.await A valid shutdown command was received via the shutdown port. Stopping the Server instance.
18-Apr-2019 00:40:46.369 INFO [main] org.apache.coyote.AbstractProtocol.pause Pausing ProtocolHandler ["http-nio-8080"]
18-Apr-2019 00:40:46.376 INFO [main] org.apache.coyote.AbstractProtocol.pause Pausing ProtocolHandler ["https-openssl-apr-8443"]
18-Apr-2019 00:40:46.382 INFO [main] org.apache.coyote.AbstractProtocol.pause Pausing ProtocolHandler ["ajp-nio-8009"]
18-Apr-2019 00:40:46.387 INFO [main] org.apache.catalina.core.StandardService.stopInternal Stopping service [Catalina]
18-Apr-2019 00:40:46.581 INFO [main] org.apache.coyote.AbstractProtocol.stop Stopping ProtocolHandler ["http-nio-8080"]
18-Apr-2019 00:40:46.583 INFO [main] org.apache.coyote.AbstractProtocol.stop Stopping ProtocolHandler ["https-openssl-apr-8443"]
18-Apr-2019 00:40:46.636 INFO [main] org.apache.coyote.AbstractProtocol.stop Stopping ProtocolHandler ["ajp-nio-8009"]
18-Apr-2019 00:40:46.637 INFO [main] org.apache.coyote.AbstractProtocol.destroy Destroying ProtocolHandler ["http-nio-8080"]
18-Apr-2019 00:40:46.637 INFO [main] org.apache.coyote.AbstractProtocol.destroy Destroying ProtocolHandler ["https-openssl-apr-8443"]
18-Apr-2019 00:40:46.638 INFO [main] org.apache.coyote.AbstractProtocol.destroy Destroying ProtocolHandler ["ajp-nio-8009"]
