This file contains any messages produced by compilers while
running configure, to aid debugging if configure makes a mistake.

It was created by configure, which was
generated by GNU Autoconf 2.69.  Invocation command line was

  $ ./configure --with-apr=/usr/local/apr/ --with-java-home=/usr/lib/jvm/java-12-oracle/

## --------- ##
## Platform. ##
## --------- ##

hostname = kils-Lappi
uname -m = x86_64
uname -r = 4.15.0-20-generic
uname -s = Linux
uname -v = #21-Ubuntu SMP Tue Apr 24 06:16:15 UTC 2018

/usr/bin/uname -p = unknown
/bin/uname -X     = unknown

/bin/arch              = unknown
/usr/bin/arch -k       = unknown
/usr/convex/getsysinfo = unknown
/usr/bin/hostinfo      = unknown
/bin/machine           = unknown
/usr/bin/oslevel       = unknown
/bin/universe          = unknown

PATH: /usr/local/sbin
PATH: /usr/local/bin
PATH: /usr/sbin
PATH: /usr/bin
PATH: /sbin
PATH: /bin
PATH: /usr/games
PATH: /usr/local/games


## ----------- ##
## Core tests. ##
## ----------- ##

configure:2123: checking build system type
configure:2137: result: x86_64-pc-linux-gnu
configure:2157: checking host system type
configure:2170: result: x86_64-pc-linux-gnu
configure:2190: checking target system type
configure:2203: result: x86_64-pc-linux-gnu
configure:2244: checking for a BSD-compatible install
configure:2312: result: /usr/bin/install -c
configure:2330: checking for working mkdir -p
configure:2346: result: yes
configure:2439: checking for chosen layout
configure:2441: result: tcnative
configure:2596: checking for APR
configure:2675: result: yes
configure:2698: APR 1.7.0 detected.
configure:2745: checking JAVA_HOME
configure:2750: result: /usr/lib/jvm/java-12-oracle/
configure:2830: checking for JDK os include directory
configure:2989: checking for gcc
configure:3016: result: gcc
configure:3245: checking for C compiler version
configure:3254: gcc --version >&5
gcc (Ubuntu 7.3.0-27ubuntu1~18.04) 7.3.0
Copyright (C) 2017 Free Software Foundation, Inc.
This is free software; see the source for copying conditions.  There is NO
warranty; not even for MERCHANTABILITY or FITNESS FOR A PARTICULAR PURPOSE.

configure:3265: $? = 0
configure:3254: gcc -v >&5
Using built-in specs.
COLLECT_GCC=gcc
COLLECT_LTO_WRAPPER=/usr/lib/gcc/x86_64-linux-gnu/7/lto-wrapper
OFFLOAD_TARGET_NAMES=nvptx-none
OFFLOAD_TARGET_DEFAULT=1
Target: x86_64-linux-gnu
Configured with: ../src/configure -v --with-pkgversion='Ubuntu 7.3.0-27ubuntu1~18.04' --with-bugurl=file:///usr/share/doc/gcc-7/README.Bugs --enable-languages=c,ada,c++,go,brig,d,fortran,objc,obj-c++ --prefix=/usr --with-gcc-major-version-only --program-suffix=-7 --program-prefix=x86_64-linux-gnu- --enable-shared --enable-linker-build-id --libexecdir=/usr/lib --without-included-gettext --enable-threads=posix --libdir=/usr/lib --enable-nls --with-sysroot=/ --enable-clocale=gnu --enable-libstdcxx-debug --enable-libstdcxx-time=yes --with-default-libstdcxx-abi=new --enable-gnu-unique-object --disable-vtable-verify --enable-libmpx --enable-plugin --enable-default-pie --with-system-zlib --with-target-system-zlib --enable-objc-gc=auto --enable-multiarch --disable-werror --with-arch-32=i686 --with-abi=m64 --with-multilib-list=m32,m64,mx32 --enable-multilib --with-tune=generic --enable-offload-targets=nvptx-none --without-cuda-driver --enable-checking=release --build=x86_64-linux-gnu --host=x86_64-linux-gnu --target=x86_64-linux-gnu
Thread model: posix
gcc version 7.3.0 (Ubuntu 7.3.0-27ubuntu1~18.04) 
configure:3265: $? = 0
configure:3254: gcc -V >&5
gcc: error: unrecognized command line option '-V'
gcc: fatal error: no input files
compilation terminated.
configure:3265: $? = 1
configure:3254: gcc -qversion >&5
gcc: error: unrecognized command line option '-qversion'; did you mean '--version'?
gcc: fatal error: no input files
compilation terminated.
configure:3265: $? = 1
configure:3285: checking whether the C compiler works
configure:3307: gcc    conftest.c  >&5
configure:3311: $? = 0
configure:3359: result: yes
configure:3362: checking for C compiler default output file name
configure:3364: result: a.out
configure:3370: checking for suffix of executables
configure:3377: gcc -o conftest    conftest.c  >&5
configure:3381: $? = 0
configure:3403: result: 
configure:3425: checking whether we are cross compiling
configure:3433: gcc -o conftest    conftest.c  >&5
configure:3437: $? = 0
configure:3444: ./conftest
configure:3448: $? = 0
configure:3463: result: no
configure:3468: checking for suffix of object files
configure:3490: gcc -c   conftest.c >&5
configure:3494: $? = 0
configure:3515: result: o
configure:3519: checking whether we are using the GNU C compiler
configure:3538: gcc -c   conftest.c >&5
configure:3538: $? = 0
configure:3547: result: yes
configure:3556: checking whether gcc accepts -g
configure:3576: gcc -c -g  conftest.c >&5
configure:3576: $? = 0
configure:3617: result: yes
configure:3634: checking for gcc option to accept ISO C89
configure:3697: gcc  -c -g -O2  conftest.c >&5
configure:3697: $? = 0
configure:3710: result: none needed
configure:3732: checking for OpenSSL library
configure:3811: result: using openssl from /usr/${exec_prefix}/lib and /usr/include
configure:3826: checking OpenSSL library version >= 1.0.2
configure:3847: gcc -o conftest -g -O2    conftest.c  -lssl -lcrypto >&5
conftest.c: In function 'main':
conftest.c:15:53: warning: format '%x' expects argument of type 'unsigned int', but argument 2 has type 'long int' [-Wformat=]
     printf("\n\nFound   OPENSSL_VERSION_NUMBER %#010x (" OPENSSL_VERSION_TEXT ")\n",
                                                ~~~~~^
                                                %#010lx
configure:3847: $? = 0
configure:3847: ./conftest
configure:3847: $? = 0
configure:3848: result: ok
configure:3864: checking for OpenSSL DSA support
configure:3870: result: yes
configure:4110: checking for apr_pollset_wakeup in -lapr-1
configure:4135: gcc -o conftest -g -O2 -DHAVE_OPENSSL -DTCNATIVE_LINUX  -I/usr/local/apr/include/apr-1    conftest.c -lapr-1    -L/usr/local/apr/lib -lapr-1 -luuid -lrt -lcrypt  -lpthread -ldl >&5
configure:4135: $? = 0
configure:4144: result: yes
configure:4372: creating ./config.status

## ---------------------- ##
## Running config.status. ##
## ---------------------- ##

This file was extended by config.status, which was
generated by GNU Autoconf 2.69.  Invocation command line was

  CONFIG_FILES    = 
  CONFIG_HEADERS  = 
  CONFIG_LINKS    = 
  CONFIG_COMMANDS = 
  $ ./config.status 

on kils-Lappi

config.status:769: creating tcnative.pc
config.status:769: creating Makefile
config.status:935: executing default commands

## ---------------- ##
## Cache variables. ##
## ---------------- ##

ac_cv_build=x86_64-pc-linux-gnu
ac_cv_c_compiler_gnu=yes
ac_cv_env_CC_set=
ac_cv_env_CC_value=
ac_cv_env_CFLAGS_set=
ac_cv_env_CFLAGS_value=
ac_cv_env_CPPFLAGS_set=
ac_cv_env_CPPFLAGS_value=
ac_cv_env_LDFLAGS_set=
ac_cv_env_LDFLAGS_value=
ac_cv_env_LIBS_set=
ac_cv_env_LIBS_value=
ac_cv_env_build_alias_set=
ac_cv_env_build_alias_value=
ac_cv_env_host_alias_set=
ac_cv_env_host_alias_value=
ac_cv_env_target_alias_set=
ac_cv_env_target_alias_value=
ac_cv_host=x86_64-pc-linux-gnu
ac_cv_lib_apr_1_apr_pollset_wakeup=yes
ac_cv_mkdir_p=yes
ac_cv_objext=o
ac_cv_path_install='/usr/bin/install -c'
ac_cv_prog_ac_ct_CC=gcc
ac_cv_prog_cc_c89=
ac_cv_prog_cc_g=yes
ac_cv_target=x86_64-pc-linux-gnu

## ----------------- ##
## Output variables. ##
## ----------------- ##

APR_BUILD_DIR='/usr/local/apr/build-1'
APR_INCLUDES=' -I/usr/local/apr/include/apr-1 '
APR_LIBS=' -L/usr/local/apr/lib -lapr-1 -luuid -lrt -lcrypt  -lpthread -ldl'
APR_LIBTOOL_LIBS=' /usr/local/apr/lib/libapr-1.la -luuid -lrt -lcrypt  -lpthread -ldl'
CC='gcc'
CFLAGS='-g -O2 -DHAVE_OPENSSL -DTCNATIVE_LINUX -DHAVE_POLLSET_WAKEUP'
CPPFLAGS=''
DEFS='-DPACKAGE_NAME=\"\" -DPACKAGE_TARNAME=\"\" -DPACKAGE_VERSION=\"\" -DPACKAGE_STRING=\"\" -DPACKAGE_BUGREPORT=\"\" -DPACKAGE_URL=\"\" -DHAVE_OPENSSL_DSA=1'
ECHO_C=''
ECHO_N='-n'
ECHO_T=''
EXEEXT=''
EXTRA_OS_LINK=''
INCLUDE_OUTPUTS='include /media/kils/Kils_Section/kils/code_world/E-Comm/Lapkart/Server/apache-tomcat-8.5.39/bin/tomcat-native-1.2.21-src/native/build-outputs.mk'
INCLUDE_RULES='include /media/kils/Kils_Section/kils/code_world/E-Comm/Lapkart/Server/apache-tomcat-8.5.39/bin/tomcat-native-1.2.21-src/native/build/rules.mk'
INSTALL_DATA='${INSTALL} -m 644'
INSTALL_PROGRAM='${INSTALL}'
INSTALL_SCRIPT='${INSTALL}'
JAVA_HOME='/usr/lib/jvm/java-12-oracle/'
JAVA_OS='linux'
JAVA_PLATFORM=''
LDFLAGS=''
LIBOBJS=''
LIBS=''
LIBTOOL='/usr/local/apr/build-1/libtool'
LTLIBOBJS=''
OBJEXT='o'
PACKAGE_BUGREPORT=''
PACKAGE_NAME=''
PACKAGE_STRING=''
PACKAGE_TARNAME=''
PACKAGE_URL=''
PACKAGE_VERSION=''
PATH_SEPARATOR=':'
SHELL='/bin/bash'
TCNATIVE_DOTTED_VERSION='1.2.21'
TCNATIVE_EXPORT_LIBS=''
TCNATIVE_INCLUDES=''
TCNATIVE_LDFLAGS='-lssl -lcrypto'
TCNATIVE_LIBNAME='tcnative-${TCNATIVE_MAJOR_VERSION}'
TCNATIVE_LIBS=' /usr/local/apr/lib/libapr-1.la -luuid -lrt -lcrypt  -lpthread -ldl'
TCNATIVE_LIBTOOL_VERSION='2:21:2'
TCNATIVE_MAJOR_VERSION='1'
TCNATIVE_PRIV_INCLUDES='-I./include -I/usr/lib/jvm/java-12-oracle//include -I/usr/lib/jvm/java-12-oracle//include/linux'
TCN_CONFIG_LOCATION='source'
abs_builddir='/media/kils/Kils_Section/kils/code_world/E-Comm/Lapkart/Server/apache-tomcat-8.5.39/bin/tomcat-native-1.2.21-src/native'
abs_srcdir='/media/kils/Kils_Section/kils/code_world/E-Comm/Lapkart/Server/apache-tomcat-8.5.39/bin/tomcat-native-1.2.21-src/native'
ac_ct_CC='gcc'
bindir='${exec_prefix}/bin'
build='x86_64-pc-linux-gnu'
build_alias=''
build_cpu='x86_64'
build_os='linux-gnu'
build_vendor='pc'
datadir='${prefix}'
datarootdir='${prefix}/share'
docdir='${datarootdir}/doc/${PACKAGE}'
dvidir='${docdir}'
exec_prefix='${prefix}'
host='x86_64-pc-linux-gnu'
host_alias='Linux'
host_cpu='x86_64'
host_os='linux-gnu'
host_vendor='pc'
htmldir='${docdir}'
includedir='${prefix}/include'
infodir='${datarootdir}/info'
lib_target='-rpath $(libdir) $(OBJECTS)'
libdir='${exec_prefix}/lib'
libexecdir='${exec_prefix}/modules'
localedir='${datarootdir}/locale'
localstatedir='${prefix}'
mandir='${prefix}/man'
oldincludedir='/usr/include'
pdfdir='${docdir}'
prefix='/usr/local/apr'
program_transform_name='s,x,x,'
psdir='${docdir}'
runstatedir='${localstatedir}/run'
sbindir='${exec_prefix}/bin'
sharedstatedir='${prefix}/com'
so_ext='lo'
sysconfdir='${prefix}/conf'
target='x86_64-pc-linux-gnu'
target_alias=''
target_cpu='x86_64'
target_os='linux-gnu'
target_vendor='pc'
top_builddir='/media/kils/Kils_Section/kils/code_world/E-Comm/Lapkart/Server/apache-tomcat-8.5.39/bin/tomcat-native-1.2.21-src/native'

## ----------- ##
## confdefs.h. ##
## ----------- ##

/* confdefs.h */
#define PACKAGE_NAME ""
#define PACKAGE_TARNAME ""
#define PACKAGE_VERSION ""
#define PACKAGE_STRING ""
#define PACKAGE_BUGREPORT ""
#define PACKAGE_URL ""
#define HAVE_OPENSSL_DSA 1

configure: exit 0
